<?xml version="1.0" encoding="UTF-8"?>
<testng-results ignored="0" total="1" passed="1" failed="0" skipped="0">
  <reporter-output>
  </reporter-output>
  <suite started-at="2024-04-06T22:32:59 IST" name="Default suite" finished-at="2024-04-06T22:33:00 IST" duration-ms="1535">
    <groups>
    </groups>
    <test started-at="2024-04-06T22:32:59 IST" name="Default test" finished-at="2024-04-06T22:33:00 IST" duration-ms="1535">
      <class name="Day2.log">
        <test-method signature="logTypes()[pri:0, instance:Day2.log@dd8ba08]" started-at="2024-04-06T22:32:59 IST" name="logTypes" finished-at="2024-04-06T22:33:00 IST" duration-ms="1496" status="PASS">
          <reporter-output>
          </reporter-output>
        </test-method> <!-- logTypes -->
      </class> <!-- Day2.log -->
    </test> <!-- Default test -->
  </suite> <!-- Default suite -->
</testng-results>
